02/11 22:08:55 - django.db.backends - DEBUG - (0.000) QUERY = u'BEGIN' - PARAMS = (); args=None
02/11 22:08:55 - django.db.backends - DEBUG - (0.000) QUERY = u'INSERT INTO "x_for_y_sitetraffictracker" ("total_visited", "num_splash_click") VALUES (%s, %s)' - PARAMS = (1, 0); args=[1, 0]
02/11 22:10:16 - django.db.backends - DEBUG - (0.001) QUERY = u'SELECT "x_for_y_sitetraffictracker"."id", "x_for_y_sitetraffictracker"."total_visited", "x_for_y_sitetraffictracker"."num_splash_click" FROM "x_for_y_sitetraffictracker"' - PARAMS = (); args=()
02/11 22:10:16 - django.db.backends - DEBUG - (0.000) QUERY = u'SELECT "x_for_y_sitetraffictracker"."id", "x_for_y_sitetraffictracker"."total_visited", "x_for_y_sitetraffictracker"."num_splash_click" FROM "x_for_y_sitetraffictracker" LIMIT 21' - PARAMS = (); args=()
02/11 22:10:16 - django.db.backends - DEBUG - (0.000) QUERY = u'SELECT "x_for_y_sitetraffictracker"."id", "x_for_y_sitetraffictracker"."total_visited", "x_for_y_sitetraffictracker"."num_splash_click" FROM "x_for_y_sitetraffictracker" LIMIT 21' - PARAMS = (); args=()
02/11 22:10:16 - django.db.backends - DEBUG - (0.000) QUERY = u'SELECT "x_for_y_sitetraffictracker"."id", "x_for_y_sitetraffictracker"."total_visited", "x_for_y_sitetraffictracker"."num_splash_click" FROM "x_for_y_sitetraffictracker" LIMIT 21' - PARAMS = (); args=()
02/11 22:10:16 - django.db.backends - DEBUG - (0.000) QUERY = u'SELECT "x_for_y_sitetraffictracker"."id", "x_for_y_sitetraffictracker"."total_visited", "x_for_y_sitetraffictracker"."num_splash_click" FROM "x_for_y_sitetraffictracker" LIMIT 21' - PARAMS = (); args=()
02/11 22:10:18 - django.db.backends - DEBUG - (0.000) QUERY = u'SELECT "x_for_y_sitetraffictracker"."id", "x_for_y_sitetraffictracker"."total_visited", "x_for_y_sitetraffictracker"."num_splash_click" FROM "x_for_y_sitetraffictracker"' - PARAMS = (); args=()
02/11 22:10:18 - django.db.backends - DEBUG - (0.000) QUERY = u'SELECT "x_for_y_sitetraffictracker"."id", "x_for_y_sitetraffictracker"."total_visited", "x_for_y_sitetraffictracker"."num_splash_click" FROM "x_for_y_sitetraffictracker" LIMIT 21' - PARAMS = (); args=()
02/11 22:10:18 - django.db.backends - DEBUG - (0.000) QUERY = u'SELECT "x_for_y_sitetraffictracker"."id", "x_for_y_sitetraffictracker"."total_visited", "x_for_y_sitetraffictracker"."num_splash_click" FROM "x_for_y_sitetraffictracker" LIMIT 21' - PARAMS = (); args=()
02/11 22:10:18 - django.db.backends - DEBUG - (0.000) QUERY = u'SELECT "x_for_y_sitetraffictracker"."id", "x_for_y_sitetraffictracker"."total_visited", "x_for_y_sitetraffictracker"."num_splash_click" FROM "x_for_y_sitetraffictracker" LIMIT 21' - PARAMS = (); args=()
02/11 22:10:18 - django.db.backends - DEBUG - (0.000) QUERY = u'SELECT "x_for_y_sitetraffictracker"."id", "x_for_y_sitetraffictracker"."total_visited", "x_for_y_sitetraffictracker"."num_splash_click" FROM "x_for_y_sitetraffictracker" LIMIT 21' - PARAMS = (); args=()
02/11 22:10:42 - django.db.backends - DEBUG - (0.000) QUERY = u'SELECT "x_for_y_sitetraffictracker"."id", "x_for_y_sitetraffictracker"."total_visited", "x_for_y_sitetraffictracker"."num_splash_click" FROM "x_for_y_sitetraffictracker"' - PARAMS = (); args=()
02/11 22:10:42 - django.db.backends - DEBUG - (0.000) QUERY = u'SELECT "x_for_y_sitetraffictracker"."id", "x_for_y_sitetraffictracker"."total_visited", "x_for_y_sitetraffictracker"."num_splash_click" FROM "x_for_y_sitetraffictracker" LIMIT 21' - PARAMS = (); args=()
02/11 22:10:42 - django.db.backends - DEBUG - (0.000) QUERY = u'SELECT "x_for_y_sitetraffictracker"."id", "x_for_y_sitetraffictracker"."total_visited", "x_for_y_sitetraffictracker"."num_splash_click" FROM "x_for_y_sitetraffictracker" LIMIT 21' - PARAMS = (); args=()
02/11 22:10:42 - django.db.backends - DEBUG - (0.000) QUERY = u'SELECT "x_for_y_sitetraffictracker"."id", "x_for_y_sitetraffictracker"."total_visited", "x_for_y_sitetraffictracker"."num_splash_click" FROM "x_for_y_sitetraffictracker" LIMIT 21' - PARAMS = (); args=()
02/11 22:10:42 - django.db.backends - DEBUG - (0.000) QUERY = u'SELECT "x_for_y_sitetraffictracker"."id", "x_for_y_sitetraffictracker"."total_visited", "x_for_y_sitetraffictracker"."num_splash_click" FROM "x_for_y_sitetraffictracker" LIMIT 21' - PARAMS = (); args=()
02/11 22:10:44 - django.db.backends - DEBUG - (0.000) QUERY = u'SELECT "x_for_y_sitetraffictracker"."id", "x_for_y_sitetraffictracker"."total_visited", "x_for_y_sitetraffictracker"."num_splash_click" FROM "x_for_y_sitetraffictracker"' - PARAMS = (); args=()
02/11 22:10:44 - django.db.backends - DEBUG - (0.000) QUERY = u'SELECT "x_for_y_sitetraffictracker"."id", "x_for_y_sitetraffictracker"."total_visited", "x_for_y_sitetraffictracker"."num_splash_click" FROM "x_for_y_sitetraffictracker" LIMIT 21' - PARAMS = (); args=()
02/11 22:10:44 - django.db.backends - DEBUG - (0.000) QUERY = u'SELECT "x_for_y_sitetraffictracker"."id", "x_for_y_sitetraffictracker"."total_visited", "x_for_y_sitetraffictracker"."num_splash_click" FROM "x_for_y_sitetraffictracker" LIMIT 21' - PARAMS = (); args=()
02/11 22:10:44 - django.db.backends - DEBUG - (0.000) QUERY = u'SELECT "x_for_y_sitetraffictracker"."id", "x_for_y_sitetraffictracker"."total_visited", "x_for_y_sitetraffictracker"."num_splash_click" FROM "x_for_y_sitetraffictracker" LIMIT 21' - PARAMS = (); args=()
02/11 22:10:44 - django.db.backends - DEBUG - (0.000) QUERY = u'SELECT "x_for_y_sitetraffictracker"."id", "x_for_y_sitetraffictracker"."total_visited", "x_for_y_sitetraffictracker"."num_splash_click" FROM "x_for_y_sitetraffictracker" LIMIT 21' - PARAMS = (); args=()
02/11 22:10:59 - django.db.backends - DEBUG - (0.000) QUERY = u'BEGIN' - PARAMS = (); args=None
02/11 22:10:59 - django.db.backends - DEBUG - (0.000) QUERY = u'INSERT INTO "x_for_y_sitetraffictracker" ("total_visited", "num_splash_click") VALUES (%s, %s)' - PARAMS = (1, 0); args=[1, 0]
02/11 22:11:04 - django.db.backends - DEBUG - (0.000) QUERY = "\n            SELECT name FROM sqlite_master\n            WHERE type='table' AND NOT name='sqlite_sequence'\n            ORDER BY name" - PARAMS = (); args=None
02/11 22:11:04 - django.db.backends - DEBUG - (0.000) QUERY = u'BEGIN' - PARAMS = (); args=None
02/11 22:11:04 - django.db.backends - DEBUG - (0.000) QUERY = u'CREATE TABLE "auth_permission" (\n    "id" integer NOT NULL PRIMARY KEY,\n    "name" varchar(50) NOT NULL,\n    "content_type_id" integer NOT NULL,\n    "codename" varchar(100) NOT NULL,\n    UNIQUE ("content_type_id", "codename")\n)\n;' - PARAMS = (); args=None
02/11 22:11:04 - django.db.backends - DEBUG - (0.000) QUERY = u'CREATE TABLE "auth_group_permissions" (\n    "id" integer NOT NULL PRIMARY KEY,\n    "group_id" integer NOT NULL,\n    "permission_id" integer NOT NULL REFERENCES "auth_permission" ("id"),\n    UNIQUE ("group_id", "permission_id")\n)\n;' - PARAMS = (); args=None
02/11 22:11:04 - django.db.backends - DEBUG - (0.000) QUERY = u'CREATE TABLE "auth_group" (\n    "id" integer NOT NULL PRIMARY KEY,\n    "name" varchar(80) NOT NULL UNIQUE\n)\n;' - PARAMS = (); args=None
02/11 22:11:04 - django.db.backends - DEBUG - (0.000) QUERY = u'CREATE TABLE "auth_user_groups" (\n    "id" integer NOT NULL PRIMARY KEY,\n    "user_id" integer NOT NULL,\n    "group_id" integer NOT NULL REFERENCES "auth_group" ("id"),\n    UNIQUE ("user_id", "group_id")\n)\n;' - PARAMS = (); args=None
02/11 22:11:04 - django.db.backends - DEBUG - (0.000) QUERY = u'CREATE TABLE "auth_user_user_permissions" (\n    "id" integer NOT NULL PRIMARY KEY,\n    "user_id" integer NOT NULL,\n    "permission_id" integer NOT NULL REFERENCES "auth_permission" ("id"),\n    UNIQUE ("user_id", "permission_id")\n)\n;' - PARAMS = (); args=None
02/11 22:11:04 - django.db.backends - DEBUG - (0.000) QUERY = u'CREATE TABLE "auth_user" (\n    "id" integer NOT NULL PRIMARY KEY,\n    "password" varchar(128) NOT NULL,\n    "last_login" datetime NOT NULL,\n    "is_superuser" bool NOT NULL,\n    "username" varchar(30) NOT NULL UNIQUE,\n    "first_name" varchar(30) NOT NULL,\n    "last_name" varchar(30) NOT NULL,\n    "email" varchar(75) NOT NULL,\n    "is_staff" bool NOT NULL,\n    "is_active" bool NOT NULL,\n    "date_joined" datetime NOT NULL\n)\n;' - PARAMS = (); args=None
02/11 22:11:04 - django.db.backends - DEBUG - (0.000) QUERY = u'CREATE TABLE "django_content_type" (\n    "id" integer NOT NULL PRIMARY KEY,\n    "name" varchar(100) NOT NULL,\n    "app_label" varchar(100) NOT NULL,\n    "model" varchar(100) NOT NULL,\n    UNIQUE ("app_label", "model")\n)\n;' - PARAMS = (); args=None
02/11 22:11:04 - django.db.backends - DEBUG - (0.000) QUERY = u'CREATE TABLE "django_session" (\n    "session_key" varchar(40) NOT NULL PRIMARY KEY,\n    "session_data" text NOT NULL,\n    "expire_date" datetime NOT NULL\n)\n;' - PARAMS = (); args=None
02/11 22:11:04 - django.db.backends - DEBUG - (0.000) QUERY = u'CREATE TABLE "django_site" (\n    "id" integer NOT NULL PRIMARY KEY,\n    "domain" varchar(100) NOT NULL,\n    "name" varchar(50) NOT NULL\n)\n;' - PARAMS = (); args=None
02/11 22:11:04 - django.db.backends - DEBUG - (0.000) QUERY = u'CREATE TABLE "django_admin_log" (\n    "id" integer NOT NULL PRIMARY KEY,\n    "action_time" datetime NOT NULL,\n    "user_id" integer NOT NULL REFERENCES "auth_user" ("id"),\n    "content_type_id" integer REFERENCES "django_content_type" ("id"),\n    "object_id" text,\n    "object_repr" varchar(200) NOT NULL,\n    "action_flag" smallint unsigned NOT NULL,\n    "change_message" text NOT NULL\n)\n;' - PARAMS = (); args=None
02/11 22:11:04 - django.db.backends - DEBUG - (0.000) QUERY = u'CREATE TABLE "x_for_y_sitetraffictracker" (\n    "id" integer NOT NULL PRIMARY KEY,\n    "total_visited" integer NOT NULL,\n    "num_splash_click" integer NOT NULL\n)\n;' - PARAMS = (); args=None
02/11 22:11:04 - django.db.backends - DEBUG - (0.000) QUERY = u'SELECT "django_content_type"."id", "django_content_type"."name", "django_content_type"."app_label", "django_content_type"."model" FROM "django_content_type" WHERE ("django_content_type"."model" = %s  AND "django_content_type"."app_label" = %s )' - PARAMS = (u'permission', u'auth'); args=('permission', u'auth')
02/11 22:11:04 - django.db.backends - DEBUG - (0.000) QUERY = u'BEGIN' - PARAMS = (); args=None
02/11 22:11:04 - django.db.backends - DEBUG - (0.000) QUERY = u'INSERT INTO "django_content_type" ("name", "app_label", "model") VALUES (%s, %s, %s)' - PARAMS = (u'permission', u'auth', u'permission'); args=[u'permission', u'auth', 'permission']
02/11 22:11:04 - django.db.backends - DEBUG - (0.000) QUERY = u'SELECT "django_content_type"."id", "django_content_type"."name", "django_content_type"."app_label", "django_content_type"."model" FROM "django_content_type" WHERE ("django_content_type"."model" = %s  AND "django_content_type"."app_label" = %s )' - PARAMS = (u'group', u'auth'); args=('group', u'auth')
02/11 22:11:04 - django.db.backends - DEBUG - (0.000) QUERY = u'BEGIN' - PARAMS = (); args=None
02/11 22:11:04 - django.db.backends - DEBUG - (0.000) QUERY = u'INSERT INTO "django_content_type" ("name", "app_label", "model") VALUES (%s, %s, %s)' - PARAMS = (u'group', u'auth', u'group'); args=[u'group', u'auth', 'group']
02/11 22:11:04 - django.db.backends - DEBUG - (0.000) QUERY = u'SELECT "django_content_type"."id", "django_content_type"."name", "django_content_type"."app_label", "django_content_type"."model" FROM "django_content_type" WHERE ("django_content_type"."model" = %s  AND "django_content_type"."app_label" = %s )' - PARAMS = (u'user', u'auth'); args=('user', u'auth')
02/11 22:11:04 - django.db.backends - DEBUG - (0.000) QUERY = u'BEGIN' - PARAMS = (); args=None
02/11 22:11:04 - django.db.backends - DEBUG - (0.000) QUERY = u'INSERT INTO "django_content_type" ("name", "app_label", "model") VALUES (%s, %s, %s)' - PARAMS = (u'user', u'auth', u'user'); args=[u'user', u'auth', 'user']
02/11 22:11:04 - django.db.backends - DEBUG - (0.000) QUERY = u'SELECT "auth_permission"."content_type_id", "auth_permission"."codename" FROM "auth_permission" INNER JOIN "django_content_type" ON ( "auth_permission"."content_type_id" = "django_content_type"."id" ) WHERE "auth_permission"."content_type_id" IN (%s, %s, %s) ORDER BY "django_content_type"."app_label" ASC, "django_content_type"."model" ASC, "auth_permission"."codename" ASC' - PARAMS = (1, 2, 3); args=(1, 2, 3)
02/11 22:11:04 - django.db.backends - DEBUG - (0.000) QUERY = u'BEGIN' - PARAMS = (); args=None
02/11 22:11:04 - django.db.backends - DEBUG - (0.000) QUERY = u'INSERT INTO "auth_permission" ("name", "content_type_id", "codename") SELECT %s AS "name", %s AS "content_type_id", %s AS "codename" UNION ALL SELECT %s, %s, %s UNION ALL SELECT %s, %s, %s UNION ALL SELECT %s, %s, %s UNION ALL SELECT %s, %s, %s UNION ALL SELECT %s, %s, %s UNION ALL SELECT %s, %s, %s UNION ALL SELECT %s, %s, %s UNION ALL SELECT %s, %s, %s' - PARAMS = (u'Can add permission', 1, u'add_permission', u'Can change permission', 1, u'change_permission', u'Can delete permission', 1, u'delete_permission', u'Can add group', 2, u'add_group', u'Can change group', 2, u'change_group', u'Can delete group', 2, u'delete_group', u'Can add user', 3, u'add_user', u'Can change user', 3, u'change_user', u'Can delete user', 3, u'delete_user'); args=(u'Can add permission', 1, u'add_permission', u'Can change permission', 1, u'change_permission', u'Can delete permission', 1, u'delete_permission', u'Can add group', 2, u'add_group', u'Can change group', 2, u'change_group', u'Can delete group', 2, u'delete_group', u'Can add user', 3, u'add_user', u'Can change user', 3, u'change_user', u'Can delete user', 3, u'delete_user')
02/11 22:11:06 - django.db.backends - DEBUG - (0.000) QUERY = u'SELECT "django_content_type"."id", "django_content_type"."name", "django_content_type"."app_label", "django_content_type"."model" FROM "django_content_type" WHERE "django_content_type"."app_label" = %s  ORDER BY "django_content_type"."name" ASC' - PARAMS = (u'auth',); args=(u'auth',)
02/11 22:11:06 - django.db.backends - DEBUG - (0.000) QUERY = u'SELECT "django_content_type"."id", "django_content_type"."name", "django_content_type"."app_label", "django_content_type"."model" FROM "django_content_type" WHERE ("django_content_type"."model" = %s  AND "django_content_type"."app_label" = %s )' - PARAMS = (u'contenttype', u'contenttypes'); args=('contenttype', u'contenttypes')
02/11 22:11:06 - django.db.backends - DEBUG - (0.000) QUERY = u'BEGIN' - PARAMS = (); args=None
02/11 22:11:06 - django.db.backends - DEBUG - (0.000) QUERY = u'INSERT INTO "django_content_type" ("name", "app_label", "model") VALUES (%s, %s, %s)' - PARAMS = (u'content type', u'contenttypes', u'contenttype'); args=[u'content type', u'contenttypes', 'contenttype']
02/11 22:11:06 - django.db.backends - DEBUG - (0.000) QUERY = u'SELECT "auth_permission"."content_type_id", "auth_permission"."codename" FROM "auth_permission" INNER JOIN "django_content_type" ON ( "auth_permission"."content_type_id" = "django_content_type"."id" ) WHERE "auth_permission"."content_type_id" IN (%s) ORDER BY "django_content_type"."app_label" ASC, "django_content_type"."model" ASC, "auth_permission"."codename" ASC' - PARAMS = (4,); args=(4,)
02/11 22:11:06 - django.db.backends - DEBUG - (0.000) QUERY = u'BEGIN' - PARAMS = (); args=None
02/11 22:11:06 - django.db.backends - DEBUG - (0.000) QUERY = u'INSERT INTO "auth_permission" ("name", "content_type_id", "codename") SELECT %s AS "name", %s AS "content_type_id", %s AS "codename" UNION ALL SELECT %s, %s, %s UNION ALL SELECT %s, %s, %s' - PARAMS = (u'Can add content type', 4, u'add_contenttype', u'Can change content type', 4, u'change_contenttype', u'Can delete content type', 4, u'delete_contenttype'); args=(u'Can add content type', 4, u'add_contenttype', u'Can change content type', 4, u'change_contenttype', u'Can delete content type', 4, u'delete_contenttype')
02/11 22:11:06 - django.db.backends - DEBUG - (0.000) QUERY = u'SELECT "django_content_type"."id", "django_content_type"."name", "django_content_type"."app_label", "django_content_type"."model" FROM "django_content_type" WHERE "django_content_type"."app_label" = %s  ORDER BY "django_content_type"."name" ASC' - PARAMS = (u'contenttypes',); args=(u'contenttypes',)
02/11 22:11:06 - django.db.backends - DEBUG - (0.000) QUERY = u'SELECT "django_content_type"."id", "django_content_type"."name", "django_content_type"."app_label", "django_content_type"."model" FROM "django_content_type" WHERE ("django_content_type"."model" = %s  AND "django_content_type"."app_label" = %s )' - PARAMS = (u'session', u'sessions'); args=('session', u'sessions')
02/11 22:11:06 - django.db.backends - DEBUG - (0.000) QUERY = u'BEGIN' - PARAMS = (); args=None
02/11 22:11:06 - django.db.backends - DEBUG - (0.000) QUERY = u'INSERT INTO "django_content_type" ("name", "app_label", "model") VALUES (%s, %s, %s)' - PARAMS = (u'session', u'sessions', u'session'); args=[u'session', u'sessions', 'session']
02/11 22:11:06 - django.db.backends - DEBUG - (0.000) QUERY = u'SELECT "auth_permission"."content_type_id", "auth_permission"."codename" FROM "auth_permission" INNER JOIN "django_content_type" ON ( "auth_permission"."content_type_id" = "django_content_type"."id" ) WHERE "auth_permission"."content_type_id" IN (%s) ORDER BY "django_content_type"."app_label" ASC, "django_content_type"."model" ASC, "auth_permission"."codename" ASC' - PARAMS = (5,); args=(5,)
02/11 22:11:06 - django.db.backends - DEBUG - (0.000) QUERY = u'BEGIN' - PARAMS = (); args=None
02/11 22:11:06 - django.db.backends - DEBUG - (0.000) QUERY = u'INSERT INTO "auth_permission" ("name", "content_type_id", "codename") SELECT %s AS "name", %s AS "content_type_id", %s AS "codename" UNION ALL SELECT %s, %s, %s UNION ALL SELECT %s, %s, %s' - PARAMS = (u'Can add session', 5, u'add_session', u'Can change session', 5, u'change_session', u'Can delete session', 5, u'delete_session'); args=(u'Can add session', 5, u'add_session', u'Can change session', 5, u'change_session', u'Can delete session', 5, u'delete_session')
02/11 22:11:06 - django.db.backends - DEBUG - (0.000) QUERY = u'SELECT "django_content_type"."id", "django_content_type"."name", "django_content_type"."app_label", "django_content_type"."model" FROM "django_content_type" WHERE "django_content_type"."app_label" = %s  ORDER BY "django_content_type"."name" ASC' - PARAMS = (u'sessions',); args=(u'sessions',)
02/11 22:11:06 - django.db.backends - DEBUG - (0.000) QUERY = u'SELECT "django_content_type"."id", "django_content_type"."name", "django_content_type"."app_label", "django_content_type"."model" FROM "django_content_type" WHERE ("django_content_type"."model" = %s  AND "django_content_type"."app_label" = %s )' - PARAMS = (u'site', u'sites'); args=('site', u'sites')
02/11 22:11:06 - django.db.backends - DEBUG - (0.000) QUERY = u'BEGIN' - PARAMS = (); args=None
02/11 22:11:06 - django.db.backends - DEBUG - (0.000) QUERY = u'INSERT INTO "django_content_type" ("name", "app_label", "model") VALUES (%s, %s, %s)' - PARAMS = (u'site', u'sites', u'site'); args=[u'site', u'sites', 'site']
02/11 22:11:06 - django.db.backends - DEBUG - (0.000) QUERY = u'SELECT "auth_permission"."content_type_id", "auth_permission"."codename" FROM "auth_permission" INNER JOIN "django_content_type" ON ( "auth_permission"."content_type_id" = "django_content_type"."id" ) WHERE "auth_permission"."content_type_id" IN (%s) ORDER BY "django_content_type"."app_label" ASC, "django_content_type"."model" ASC, "auth_permission"."codename" ASC' - PARAMS = (6,); args=(6,)
02/11 22:11:06 - django.db.backends - DEBUG - (0.000) QUERY = u'BEGIN' - PARAMS = (); args=None
02/11 22:11:06 - django.db.backends - DEBUG - (0.000) QUERY = u'INSERT INTO "auth_permission" ("name", "content_type_id", "codename") SELECT %s AS "name", %s AS "content_type_id", %s AS "codename" UNION ALL SELECT %s, %s, %s UNION ALL SELECT %s, %s, %s' - PARAMS = (u'Can add site', 6, u'add_site', u'Can change site', 6, u'change_site', u'Can delete site', 6, u'delete_site'); args=(u'Can add site', 6, u'add_site', u'Can change site', 6, u'change_site', u'Can delete site', 6, u'delete_site')
02/11 22:11:07 - django.db.backends - DEBUG - (0.000) QUERY = u'SELECT "django_content_type"."id", "django_content_type"."name", "django_content_type"."app_label", "django_content_type"."model" FROM "django_content_type" WHERE "django_content_type"."app_label" = %s  ORDER BY "django_content_type"."name" ASC' - PARAMS = (u'sites',); args=(u'sites',)
02/11 22:11:07 - django.db.backends - DEBUG - (0.000) QUERY = u'BEGIN' - PARAMS = (); args=None
02/11 22:11:07 - django.db.backends - DEBUG - (0.000) QUERY = u'UPDATE "django_site" SET "domain" = %s, "name" = %s WHERE "django_site"."id" = %s ' - PARAMS = (u'example.com', u'example.com', 1); args=('example.com', 'example.com', 1)
02/11 22:11:07 - django.db.backends - DEBUG - (0.000) QUERY = u'INSERT INTO "django_site" ("id", "domain", "name") SELECT %s AS "id", %s AS "domain", %s AS "name"' - PARAMS = (1, u'example.com', u'example.com'); args=(1, 'example.com', 'example.com')
02/11 22:11:07 - django.db.backends - DEBUG - (0.000) QUERY = u'SELECT "django_content_type"."id", "django_content_type"."name", "django_content_type"."app_label", "django_content_type"."model" FROM "django_content_type" WHERE ("django_content_type"."model" = %s  AND "django_content_type"."app_label" = %s )' - PARAMS = (u'logentry', u'admin'); args=('logentry', u'admin')
02/11 22:11:07 - django.db.backends - DEBUG - (0.000) QUERY = u'BEGIN' - PARAMS = (); args=None
02/11 22:11:07 - django.db.backends - DEBUG - (0.000) QUERY = u'INSERT INTO "django_content_type" ("name", "app_label", "model") VALUES (%s, %s, %s)' - PARAMS = (u'log entry', u'admin', u'logentry'); args=[u'log entry', u'admin', 'logentry']
02/11 22:11:07 - django.db.backends - DEBUG - (0.000) QUERY = u'SELECT "auth_permission"."content_type_id", "auth_permission"."codename" FROM "auth_permission" INNER JOIN "django_content_type" ON ( "auth_permission"."content_type_id" = "django_content_type"."id" ) WHERE "auth_permission"."content_type_id" IN (%s) ORDER BY "django_content_type"."app_label" ASC, "django_content_type"."model" ASC, "auth_permission"."codename" ASC' - PARAMS = (7,); args=(7,)
02/11 22:11:07 - django.db.backends - DEBUG - (0.000) QUERY = u'BEGIN' - PARAMS = (); args=None
02/11 22:11:07 - django.db.backends - DEBUG - (0.000) QUERY = u'INSERT INTO "auth_permission" ("name", "content_type_id", "codename") SELECT %s AS "name", %s AS "content_type_id", %s AS "codename" UNION ALL SELECT %s, %s, %s UNION ALL SELECT %s, %s, %s' - PARAMS = (u'Can add log entry', 7, u'add_logentry', u'Can change log entry', 7, u'change_logentry', u'Can delete log entry', 7, u'delete_logentry'); args=(u'Can add log entry', 7, u'add_logentry', u'Can change log entry', 7, u'change_logentry', u'Can delete log entry', 7, u'delete_logentry')
02/11 22:11:07 - django.db.backends - DEBUG - (0.000) QUERY = u'SELECT "django_content_type"."id", "django_content_type"."name", "django_content_type"."app_label", "django_content_type"."model" FROM "django_content_type" WHERE "django_content_type"."app_label" = %s  ORDER BY "django_content_type"."name" ASC' - PARAMS = (u'admin',); args=(u'admin',)
02/11 22:11:07 - django.db.backends - DEBUG - (0.000) QUERY = u'SELECT "django_content_type"."id", "django_content_type"."name", "django_content_type"."app_label", "django_content_type"."model" FROM "django_content_type" WHERE ("django_content_type"."model" = %s  AND "django_content_type"."app_label" = %s )' - PARAMS = (u'sitetraffictracker', u'x_for_y'); args=('sitetraffictracker', u'x_for_y')
02/11 22:11:07 - django.db.backends - DEBUG - (0.000) QUERY = u'BEGIN' - PARAMS = (); args=None
02/11 22:11:07 - django.db.backends - DEBUG - (0.000) QUERY = u'INSERT INTO "django_content_type" ("name", "app_label", "model") VALUES (%s, %s, %s)' - PARAMS = (u'site traffic tracker', u'x_for_y', u'sitetraffictracker'); args=[u'site traffic tracker', u'x_for_y', 'sitetraffictracker']
02/11 22:11:07 - django.db.backends - DEBUG - (0.000) QUERY = u'SELECT "auth_permission"."content_type_id", "auth_permission"."codename" FROM "auth_permission" INNER JOIN "django_content_type" ON ( "auth_permission"."content_type_id" = "django_content_type"."id" ) WHERE "auth_permission"."content_type_id" IN (%s) ORDER BY "django_content_type"."app_label" ASC, "django_content_type"."model" ASC, "auth_permission"."codename" ASC' - PARAMS = (8,); args=(8,)
02/11 22:11:07 - django.db.backends - DEBUG - (0.000) QUERY = u'BEGIN' - PARAMS = (); args=None
02/11 22:11:07 - django.db.backends - DEBUG - (0.000) QUERY = u'INSERT INTO "auth_permission" ("name", "content_type_id", "codename") SELECT %s AS "name", %s AS "content_type_id", %s AS "codename" UNION ALL SELECT %s, %s, %s UNION ALL SELECT %s, %s, %s' - PARAMS = (u'Can add site traffic tracker', 8, u'add_sitetraffictracker', u'Can change site traffic tracker', 8, u'change_sitetraffictracker', u'Can delete site traffic tracker', 8, u'delete_sitetraffictracker'); args=(u'Can add site traffic tracker', 8, u'add_sitetraffictracker', u'Can change site traffic tracker', 8, u'change_sitetraffictracker', u'Can delete site traffic tracker', 8, u'delete_sitetraffictracker')
02/11 22:11:07 - django.db.backends - DEBUG - (0.000) QUERY = u'SELECT "django_content_type"."id", "django_content_type"."name", "django_content_type"."app_label", "django_content_type"."model" FROM "django_content_type" WHERE "django_content_type"."app_label" = %s  ORDER BY "django_content_type"."name" ASC' - PARAMS = (u'x_for_y',); args=(u'x_for_y',)
02/11 22:11:07 - django.db.backends - DEBUG - (0.000) QUERY = u'BEGIN' - PARAMS = (); args=None
02/11 22:11:07 - django.db.backends - DEBUG - (0.000) QUERY = u'CREATE INDEX "auth_permission_37ef4eb4" ON "auth_permission" ("content_type_id");' - PARAMS = (); args=None
02/11 22:11:07 - django.db.backends - DEBUG - (0.000) QUERY = u'BEGIN' - PARAMS = (); args=None
02/11 22:11:07 - django.db.backends - DEBUG - (0.001) QUERY = u'CREATE INDEX "auth_group_permissions_5f412f9a" ON "auth_group_permissions" ("group_id");' - PARAMS = (); args=None
02/11 22:11:07 - django.db.backends - DEBUG - (0.000) QUERY = u'CREATE INDEX "auth_group_permissions_83d7f98b" ON "auth_group_permissions" ("permission_id");' - PARAMS = (); args=None
02/11 22:11:07 - django.db.backends - DEBUG - (0.000) QUERY = u'BEGIN' - PARAMS = (); args=None
02/11 22:11:07 - django.db.backends - DEBUG - (0.000) QUERY = u'CREATE INDEX "auth_user_groups_6340c63c" ON "auth_user_groups" ("user_id");' - PARAMS = (); args=None
02/11 22:11:07 - django.db.backends - DEBUG - (0.000) QUERY = u'CREATE INDEX "auth_user_groups_5f412f9a" ON "auth_user_groups" ("group_id");' - PARAMS = (); args=None
02/11 22:11:07 - django.db.backends - DEBUG - (0.000) QUERY = u'BEGIN' - PARAMS = (); args=None
02/11 22:11:07 - django.db.backends - DEBUG - (0.001) QUERY = u'CREATE INDEX "auth_user_user_permissions_6340c63c" ON "auth_user_user_permissions" ("user_id");' - PARAMS = (); args=None
02/11 22:11:07 - django.db.backends - DEBUG - (0.000) QUERY = u'CREATE INDEX "auth_user_user_permissions_83d7f98b" ON "auth_user_user_permissions" ("permission_id");' - PARAMS = (); args=None
02/11 22:11:08 - django.db.backends - DEBUG - (0.000) QUERY = u'BEGIN' - PARAMS = (); args=None
02/11 22:11:08 - django.db.backends - DEBUG - (0.000) QUERY = u'CREATE INDEX "django_session_b7b81f0c" ON "django_session" ("expire_date");' - PARAMS = (); args=None
02/11 22:11:08 - django.db.backends - DEBUG - (0.000) QUERY = u'BEGIN' - PARAMS = (); args=None
02/11 22:11:08 - django.db.backends - DEBUG - (0.000) QUERY = u'CREATE INDEX "django_admin_log_6340c63c" ON "django_admin_log" ("user_id");' - PARAMS = (); args=None
02/11 22:11:08 - django.db.backends - DEBUG - (0.000) QUERY = u'CREATE INDEX "django_admin_log_37ef4eb4" ON "django_admin_log" ("content_type_id");' - PARAMS = (); args=None
02/11 22:11:08 - django.db.backends - DEBUG - (0.000) QUERY = u'BEGIN' - PARAMS = (); args=None
02/11 22:11:09 - django.db.backends - DEBUG - (0.000) QUERY = u'BEGIN' - PARAMS = (); args=None
02/11 22:11:09 - django.db.backends - DEBUG - (0.000) QUERY = u'INSERT INTO "x_for_y_sitetraffictracker" ("total_visited", "num_splash_click") VALUES (%s, %s)' - PARAMS = (2, 0); args=[2, 0]
02/11 22:12:01 - django.db.backends - DEBUG - (0.000) QUERY = u'BEGIN' - PARAMS = (); args=None
02/11 22:12:01 - django.db.backends - DEBUG - (0.000) QUERY = u'UPDATE "x_for_y_sitetraffictracker" SET "total_visited" = %s, "num_splash_click" = %s WHERE "x_for_y_sitetraffictracker"."id" = %s ' - PARAMS = (3, 0, 1); args=(3, 0, 1)
02/11 22:12:04 - django.db.backends - DEBUG - (0.000) QUERY = u'BEGIN' - PARAMS = (); args=None
02/11 22:12:04 - django.db.backends - DEBUG - (0.000) QUERY = u'UPDATE "x_for_y_sitetraffictracker" SET "total_visited" = %s, "num_splash_click" = %s WHERE "x_for_y_sitetraffictracker"."id" = %s ' - PARAMS = (4, 0, 1); args=(4, 0, 1)
02/11 22:12:16 - django.db.backends - DEBUG - (0.000) QUERY = u'BEGIN' - PARAMS = (); args=None
02/11 22:12:16 - django.db.backends - DEBUG - (0.000) QUERY = u'UPDATE "x_for_y_sitetraffictracker" SET "total_visited" = %s, "num_splash_click" = %s WHERE "x_for_y_sitetraffictracker"."id" = %s ' - PARAMS = (5, 0, 1); args=(5, 0, 1)
02/11 22:16:13 - django.db.backends - DEBUG - (0.000) QUERY = u'BEGIN' - PARAMS = (); args=None
02/11 22:16:13 - django.db.backends - DEBUG - (0.000) QUERY = u'UPDATE "x_for_y_sitetraffictracker" SET "total_visited" = %s, "num_splash_click" = %s WHERE "x_for_y_sitetraffictracker"."id" = %s ' - PARAMS = (6, 0, 1); args=(6, 0, 1)
02/11 22:16:25 - django.db.backends - DEBUG - (0.000) QUERY = u'BEGIN' - PARAMS = (); args=None
02/11 22:16:25 - django.db.backends - DEBUG - (0.000) QUERY = u'UPDATE "x_for_y_sitetraffictracker" SET "total_visited" = %s, "num_splash_click" = %s WHERE "x_for_y_sitetraffictracker"."id" = %s ' - PARAMS = (7, 0, 1); args=(7, 0, 1)
02/11 22:16:29 - django.db.backends - DEBUG - (0.000) QUERY = u'BEGIN' - PARAMS = (); args=None
02/11 22:16:29 - django.db.backends - DEBUG - (0.000) QUERY = u'UPDATE "x_for_y_sitetraffictracker" SET "total_visited" = %s, "num_splash_click" = %s WHERE "x_for_y_sitetraffictracker"."id" = %s ' - PARAMS = (8, 0, 1); args=(8, 0, 1)
02/11 22:18:45 - django.db.backends - DEBUG - (0.000) QUERY = u'BEGIN' - PARAMS = (); args=None
02/11 22:18:45 - django.db.backends - DEBUG - (0.000) QUERY = u'UPDATE "x_for_y_sitetraffictracker" SET "total_visited" = %s, "num_splash_click" = %s WHERE "x_for_y_sitetraffictracker"."id" = %s ' - PARAMS = (9, 0, 1); args=(9, 0, 1)
02/11 22:18:47 - django.db.backends - DEBUG - (0.000) QUERY = u'BEGIN' - PARAMS = (); args=None
02/11 22:18:47 - django.db.backends - DEBUG - (0.000) QUERY = u'UPDATE "x_for_y_sitetraffictracker" SET "total_visited" = %s, "num_splash_click" = %s WHERE "x_for_y_sitetraffictracker"."id" = %s ' - PARAMS = (10, 0, 1); args=(10, 0, 1)
02/11 22:22:28 - django.db.backends - DEBUG - (0.000) QUERY = u'BEGIN' - PARAMS = (); args=None
02/11 22:22:28 - django.db.backends - DEBUG - (0.000) QUERY = u'UPDATE "x_for_y_sitetraffictracker" SET "total_visited" = %s, "num_splash_click" = %s WHERE "x_for_y_sitetraffictracker"."id" = %s ' - PARAMS = (11, 0, 1); args=(11, 0, 1)
02/11 22:23:40 - django.db.backends - DEBUG - (0.000) QUERY = u'BEGIN' - PARAMS = (); args=None
02/11 22:23:40 - django.db.backends - DEBUG - (0.000) QUERY = u'UPDATE "x_for_y_sitetraffictracker" SET "total_visited" = %s, "num_splash_click" = %s WHERE "x_for_y_sitetraffictracker"."id" = %s ' - PARAMS = (12, 0, 1); args=(12, 0, 1)
02/11 22:23:51 - django.db.backends - DEBUG - (0.000) QUERY = u'BEGIN' - PARAMS = (); args=None
02/11 22:23:51 - django.db.backends - DEBUG - (0.000) QUERY = u'UPDATE "x_for_y_sitetraffictracker" SET "total_visited" = %s, "num_splash_click" = %s WHERE "x_for_y_sitetraffictracker"."id" = %s ' - PARAMS = (13, 0, 1); args=(13, 0, 1)
02/11 22:23:58 - django.db.backends - DEBUG - (0.000) QUERY = u'BEGIN' - PARAMS = (); args=None
02/11 22:23:58 - django.db.backends - DEBUG - (0.000) QUERY = u'UPDATE "x_for_y_sitetraffictracker" SET "total_visited" = %s, "num_splash_click" = %s WHERE "x_for_y_sitetraffictracker"."id" = %s ' - PARAMS = (14, 0, 1); args=(14, 0, 1)
02/11 22:24:27 - django.db.backends - DEBUG - (0.000) QUERY = u'BEGIN' - PARAMS = (); args=None
02/11 22:24:27 - django.db.backends - DEBUG - (0.000) QUERY = u'UPDATE "x_for_y_sitetraffictracker" SET "total_visited" = %s, "num_splash_click" = %s WHERE "x_for_y_sitetraffictracker"."id" = %s ' - PARAMS = (15, 0, 1); args=(15, 0, 1)
02/11 22:25:16 - django.db.backends - DEBUG - (0.000) QUERY = u'BEGIN' - PARAMS = (); args=None
02/11 22:25:16 - django.db.backends - DEBUG - (0.001) QUERY = u'UPDATE "x_for_y_sitetraffictracker" SET "total_visited" = %s, "num_splash_click" = %s WHERE "x_for_y_sitetraffictracker"."id" = %s ' - PARAMS = (16, 0, 1); args=(16, 0, 1)
02/11 22:26:30 - django.db.backends - DEBUG - (0.000) QUERY = u'BEGIN' - PARAMS = (); args=None
02/11 22:26:30 - django.db.backends - DEBUG - (0.000) QUERY = u'UPDATE "x_for_y_sitetraffictracker" SET "total_visited" = %s, "num_splash_click" = %s WHERE "x_for_y_sitetraffictracker"."id" = %s ' - PARAMS = (17, 0, 1); args=(17, 0, 1)
02/11 22:26:33 - django.db.backends - DEBUG - (0.000) QUERY = u'BEGIN' - PARAMS = (); args=None
02/11 22:26:34 - django.db.backends - DEBUG - (0.001) QUERY = u'UPDATE "x_for_y_sitetraffictracker" SET "total_visited" = %s, "num_splash_click" = %s WHERE "x_for_y_sitetraffictracker"."id" = %s ' - PARAMS = (18, 0, 1); args=(18, 0, 1)
02/11 22:27:09 - django.db.backends - DEBUG - (0.000) QUERY = u'BEGIN' - PARAMS = (); args=None
02/11 22:27:09 - django.db.backends - DEBUG - (0.000) QUERY = u'UPDATE "x_for_y_sitetraffictracker" SET "total_visited" = %s, "num_splash_click" = %s WHERE "x_for_y_sitetraffictracker"."id" = %s ' - PARAMS = (19, 0, 1); args=(19, 0, 1)
02/11 22:27:16 - django.db.backends - DEBUG - (0.000) QUERY = u'BEGIN' - PARAMS = (); args=None
02/11 22:27:16 - django.db.backends - DEBUG - (0.000) QUERY = u'UPDATE "x_for_y_sitetraffictracker" SET "total_visited" = %s, "num_splash_click" = %s WHERE "x_for_y_sitetraffictracker"."id" = %s ' - PARAMS = (20, 0, 1); args=(20, 0, 1)
02/11 22:27:33 - django.db.backends - DEBUG - (0.000) QUERY = u'BEGIN' - PARAMS = (); args=None
02/11 22:27:33 - django.db.backends - DEBUG - (0.000) QUERY = u'UPDATE "x_for_y_sitetraffictracker" SET "total_visited" = %s, "num_splash_click" = %s WHERE "x_for_y_sitetraffictracker"."id" = %s ' - PARAMS = (21, 0, 1); args=(21, 0, 1)
02/11 22:27:42 - django.db.backends - DEBUG - (0.000) QUERY = u'BEGIN' - PARAMS = (); args=None
02/11 22:27:42 - django.db.backends - DEBUG - (0.000) QUERY = u'UPDATE "x_for_y_sitetraffictracker" SET "total_visited" = %s, "num_splash_click" = %s WHERE "x_for_y_sitetraffictracker"."id" = %s ' - PARAMS = (22, 0, 1); args=(22, 0, 1)
02/11 22:27:51 - django.db.backends - DEBUG - (0.000) QUERY = u'BEGIN' - PARAMS = (); args=None
02/11 22:27:51 - django.db.backends - DEBUG - (0.000) QUERY = u'UPDATE "x_for_y_sitetraffictracker" SET "total_visited" = %s, "num_splash_click" = %s WHERE "x_for_y_sitetraffictracker"."id" = %s ' - PARAMS = (23, 0, 1); args=(23, 0, 1)
02/11 22:28:02 - django.db.backends - DEBUG - (0.000) QUERY = u'BEGIN' - PARAMS = (); args=None
02/11 22:28:02 - django.db.backends - DEBUG - (0.000) QUERY = u'UPDATE "x_for_y_sitetraffictracker" SET "total_visited" = %s, "num_splash_click" = %s WHERE "x_for_y_sitetraffictracker"."id" = %s ' - PARAMS = (24, 0, 1); args=(24, 0, 1)
02/11 22:33:36 - root.x_for_y.utilities - INFO - Initializing database...
02/11 22:33:36 - django.db.backends - DEBUG - (0.001) QUERY = "\n            SELECT name FROM sqlite_master\n            WHERE type='table' AND NOT name='sqlite_sequence'\n            ORDER BY name" - PARAMS = (); args=None
02/11 22:33:36 - django.db.backends - DEBUG - (0.000) QUERY = u'BEGIN' - PARAMS = (); args=None
02/11 22:33:36 - django.db.backends - DEBUG - (0.000) QUERY = u'SELECT "django_content_type"."id", "django_content_type"."name", "django_content_type"."app_label", "django_content_type"."model" FROM "django_content_type" WHERE ("django_content_type"."model" = %s  AND "django_content_type"."app_label" = %s )' - PARAMS = (u'permission', u'auth'); args=('permission', u'auth')
02/11 22:33:36 - django.db.backends - DEBUG - (0.000) QUERY = u'SELECT "django_content_type"."id", "django_content_type"."name", "django_content_type"."app_label", "django_content_type"."model" FROM "django_content_type" WHERE ("django_content_type"."model" = %s  AND "django_content_type"."app_label" = %s )' - PARAMS = (u'group', u'auth'); args=('group', u'auth')
02/11 22:33:36 - django.db.backends - DEBUG - (0.000) QUERY = u'SELECT "django_content_type"."id", "django_content_type"."name", "django_content_type"."app_label", "django_content_type"."model" FROM "django_content_type" WHERE ("django_content_type"."model" = %s  AND "django_content_type"."app_label" = %s )' - PARAMS = (u'user', u'auth'); args=('user', u'auth')
02/11 22:33:36 - django.db.backends - DEBUG - (0.000) QUERY = u'SELECT "auth_permission"."content_type_id", "auth_permission"."codename" FROM "auth_permission" INNER JOIN "django_content_type" ON ( "auth_permission"."content_type_id" = "django_content_type"."id" ) WHERE "auth_permission"."content_type_id" IN (%s, %s, %s) ORDER BY "django_content_type"."app_label" ASC, "django_content_type"."model" ASC, "auth_permission"."codename" ASC' - PARAMS = (1, 2, 3); args=(1, 2, 3)
02/11 22:33:36 - django.db.backends - DEBUG - (0.000) QUERY = u'SELECT "django_content_type"."id", "django_content_type"."name", "django_content_type"."app_label", "django_content_type"."model" FROM "django_content_type" WHERE "django_content_type"."app_label" = %s  ORDER BY "django_content_type"."name" ASC' - PARAMS = (u'auth',); args=(u'auth',)
02/11 22:33:36 - django.db.backends - DEBUG - (0.000) QUERY = u'SELECT "django_content_type"."id", "django_content_type"."name", "django_content_type"."app_label", "django_content_type"."model" FROM "django_content_type" WHERE ("django_content_type"."model" = %s  AND "django_content_type"."app_label" = %s )' - PARAMS = (u'contenttype', u'contenttypes'); args=('contenttype', u'contenttypes')
02/11 22:33:36 - django.db.backends - DEBUG - (0.000) QUERY = u'SELECT "auth_permission"."content_type_id", "auth_permission"."codename" FROM "auth_permission" INNER JOIN "django_content_type" ON ( "auth_permission"."content_type_id" = "django_content_type"."id" ) WHERE "auth_permission"."content_type_id" IN (%s) ORDER BY "django_content_type"."app_label" ASC, "django_content_type"."model" ASC, "auth_permission"."codename" ASC' - PARAMS = (4,); args=(4,)
02/11 22:33:36 - django.db.backends - DEBUG - (0.000) QUERY = u'SELECT "django_content_type"."id", "django_content_type"."name", "django_content_type"."app_label", "django_content_type"."model" FROM "django_content_type" WHERE "django_content_type"."app_label" = %s  ORDER BY "django_content_type"."name" ASC' - PARAMS = (u'contenttypes',); args=(u'contenttypes',)
02/11 22:33:36 - django.db.backends - DEBUG - (0.000) QUERY = u'SELECT "django_content_type"."id", "django_content_type"."name", "django_content_type"."app_label", "django_content_type"."model" FROM "django_content_type" WHERE ("django_content_type"."model" = %s  AND "django_content_type"."app_label" = %s )' - PARAMS = (u'session', u'sessions'); args=('session', u'sessions')
02/11 22:33:36 - django.db.backends - DEBUG - (0.000) QUERY = u'SELECT "auth_permission"."content_type_id", "auth_permission"."codename" FROM "auth_permission" INNER JOIN "django_content_type" ON ( "auth_permission"."content_type_id" = "django_content_type"."id" ) WHERE "auth_permission"."content_type_id" IN (%s) ORDER BY "django_content_type"."app_label" ASC, "django_content_type"."model" ASC, "auth_permission"."codename" ASC' - PARAMS = (5,); args=(5,)
02/11 22:33:36 - django.db.backends - DEBUG - (0.000) QUERY = u'SELECT "django_content_type"."id", "django_content_type"."name", "django_content_type"."app_label", "django_content_type"."model" FROM "django_content_type" WHERE "django_content_type"."app_label" = %s  ORDER BY "django_content_type"."name" ASC' - PARAMS = (u'sessions',); args=(u'sessions',)
02/11 22:33:36 - django.db.backends - DEBUG - (0.000) QUERY = u'SELECT "django_content_type"."id", "django_content_type"."name", "django_content_type"."app_label", "django_content_type"."model" FROM "django_content_type" WHERE ("django_content_type"."model" = %s  AND "django_content_type"."app_label" = %s )' - PARAMS = (u'site', u'sites'); args=('site', u'sites')
02/11 22:33:36 - django.db.backends - DEBUG - (0.000) QUERY = u'SELECT "auth_permission"."content_type_id", "auth_permission"."codename" FROM "auth_permission" INNER JOIN "django_content_type" ON ( "auth_permission"."content_type_id" = "django_content_type"."id" ) WHERE "auth_permission"."content_type_id" IN (%s) ORDER BY "django_content_type"."app_label" ASC, "django_content_type"."model" ASC, "auth_permission"."codename" ASC' - PARAMS = (6,); args=(6,)
02/11 22:33:36 - django.db.backends - DEBUG - (0.000) QUERY = u'SELECT "django_content_type"."id", "django_content_type"."name", "django_content_type"."app_label", "django_content_type"."model" FROM "django_content_type" WHERE "django_content_type"."app_label" = %s  ORDER BY "django_content_type"."name" ASC' - PARAMS = (u'sites',); args=(u'sites',)
02/11 22:33:36 - django.db.backends - DEBUG - (0.000) QUERY = u'SELECT "django_content_type"."id", "django_content_type"."name", "django_content_type"."app_label", "django_content_type"."model" FROM "django_content_type" WHERE ("django_content_type"."model" = %s  AND "django_content_type"."app_label" = %s )' - PARAMS = (u'logentry', u'admin'); args=('logentry', u'admin')
02/11 22:33:36 - django.db.backends - DEBUG - (0.000) QUERY = u'SELECT "auth_permission"."content_type_id", "auth_permission"."codename" FROM "auth_permission" INNER JOIN "django_content_type" ON ( "auth_permission"."content_type_id" = "django_content_type"."id" ) WHERE "auth_permission"."content_type_id" IN (%s) ORDER BY "django_content_type"."app_label" ASC, "django_content_type"."model" ASC, "auth_permission"."codename" ASC' - PARAMS = (7,); args=(7,)
02/11 22:33:36 - django.db.backends - DEBUG - (0.000) QUERY = u'SELECT "django_content_type"."id", "django_content_type"."name", "django_content_type"."app_label", "django_content_type"."model" FROM "django_content_type" WHERE "django_content_type"."app_label" = %s  ORDER BY "django_content_type"."name" ASC' - PARAMS = (u'admin',); args=(u'admin',)
02/11 22:33:36 - django.db.backends - DEBUG - (0.000) QUERY = u'SELECT "django_content_type"."id", "django_content_type"."name", "django_content_type"."app_label", "django_content_type"."model" FROM "django_content_type" WHERE ("django_content_type"."model" = %s  AND "django_content_type"."app_label" = %s )' - PARAMS = (u'sitetraffictracker', u'x_for_y'); args=('sitetraffictracker', u'x_for_y')
02/11 22:33:36 - django.db.backends - DEBUG - (0.000) QUERY = u'SELECT "auth_permission"."content_type_id", "auth_permission"."codename" FROM "auth_permission" INNER JOIN "django_content_type" ON ( "auth_permission"."content_type_id" = "django_content_type"."id" ) WHERE "auth_permission"."content_type_id" IN (%s) ORDER BY "django_content_type"."app_label" ASC, "django_content_type"."model" ASC, "auth_permission"."codename" ASC' - PARAMS = (8,); args=(8,)
02/11 22:33:36 - django.db.backends - DEBUG - (0.000) QUERY = u'SELECT "django_content_type"."id", "django_content_type"."name", "django_content_type"."app_label", "django_content_type"."model" FROM "django_content_type" WHERE "django_content_type"."app_label" = %s  ORDER BY "django_content_type"."name" ASC' - PARAMS = (u'x_for_y',); args=(u'x_for_y',)
02/11 22:33:36 - django.db.backends - DEBUG - (0.000) QUERY = u'BEGIN' - PARAMS = (); args=None
02/11 22:33:36 - django.db.backends - DEBUG - (0.000) QUERY = u'BEGIN' - PARAMS = (); args=None
02/11 22:33:36 - django.db.backends - DEBUG - (0.000) QUERY = u'INSERT INTO "x_for_y_sitetraffictracker" ("total_visited", "num_splash_click") VALUES (%s, %s)' - PARAMS = (1, 0); args=[1, 0]
02/11 22:33:37 - django.db.backends - DEBUG - (0.000) QUERY = u'BEGIN' - PARAMS = (); args=None
02/11 22:33:37 - django.db.backends - DEBUG - (0.000) QUERY = u'UPDATE "x_for_y_sitetraffictracker" SET "total_visited" = %s, "num_splash_click" = %s WHERE "x_for_y_sitetraffictracker"."id" = %s ' - PARAMS = (2, 0, 2); args=(2, 0, 2)
02/11 22:33:52 - root.x_for_y.utilities - INFO - Initializing database...
02/11 22:33:52 - django.db.backends - DEBUG - (0.000) QUERY = "\n            SELECT name FROM sqlite_master\n            WHERE type='table' AND NOT name='sqlite_sequence'\n            ORDER BY name" - PARAMS = (); args=None
02/11 22:33:52 - django.db.backends - DEBUG - (0.000) QUERY = u'BEGIN' - PARAMS = (); args=None
02/11 22:33:52 - django.db.backends - DEBUG - (0.000) QUERY = u'CREATE TABLE "auth_permission" (\n    "id" integer NOT NULL PRIMARY KEY,\n    "name" varchar(50) NOT NULL,\n    "content_type_id" integer NOT NULL,\n    "codename" varchar(100) NOT NULL,\n    UNIQUE ("content_type_id", "codename")\n)\n;' - PARAMS = (); args=None
02/11 22:33:52 - django.db.backends - DEBUG - (0.000) QUERY = u'CREATE TABLE "auth_group_permissions" (\n    "id" integer NOT NULL PRIMARY KEY,\n    "group_id" integer NOT NULL,\n    "permission_id" integer NOT NULL REFERENCES "auth_permission" ("id"),\n    UNIQUE ("group_id", "permission_id")\n)\n;' - PARAMS = (); args=None
02/11 22:33:52 - django.db.backends - DEBUG - (0.000) QUERY = u'CREATE TABLE "auth_group" (\n    "id" integer NOT NULL PRIMARY KEY,\n    "name" varchar(80) NOT NULL UNIQUE\n)\n;' - PARAMS = (); args=None
02/11 22:33:52 - django.db.backends - DEBUG - (0.000) QUERY = u'CREATE TABLE "auth_user_groups" (\n    "id" integer NOT NULL PRIMARY KEY,\n    "user_id" integer NOT NULL,\n    "group_id" integer NOT NULL REFERENCES "auth_group" ("id"),\n    UNIQUE ("user_id", "group_id")\n)\n;' - PARAMS = (); args=None
02/11 22:33:52 - django.db.backends - DEBUG - (0.000) QUERY = u'CREATE TABLE "auth_user_user_permissions" (\n    "id" integer NOT NULL PRIMARY KEY,\n    "user_id" integer NOT NULL,\n    "permission_id" integer NOT NULL REFERENCES "auth_permission" ("id"),\n    UNIQUE ("user_id", "permission_id")\n)\n;' - PARAMS = (); args=None
02/11 22:33:52 - django.db.backends - DEBUG - (0.000) QUERY = u'CREATE TABLE "auth_user" (\n    "id" integer NOT NULL PRIMARY KEY,\n    "password" varchar(128) NOT NULL,\n    "last_login" datetime NOT NULL,\n    "is_superuser" bool NOT NULL,\n    "username" varchar(30) NOT NULL UNIQUE,\n    "first_name" varchar(30) NOT NULL,\n    "last_name" varchar(30) NOT NULL,\n    "email" varchar(75) NOT NULL,\n    "is_staff" bool NOT NULL,\n    "is_active" bool NOT NULL,\n    "date_joined" datetime NOT NULL\n)\n;' - PARAMS = (); args=None
02/11 22:33:52 - django.db.backends - DEBUG - (0.000) QUERY = u'CREATE TABLE "django_content_type" (\n    "id" integer NOT NULL PRIMARY KEY,\n    "name" varchar(100) NOT NULL,\n    "app_label" varchar(100) NOT NULL,\n    "model" varchar(100) NOT NULL,\n    UNIQUE ("app_label", "model")\n)\n;' - PARAMS = (); args=None
02/11 22:33:52 - django.db.backends - DEBUG - (0.000) QUERY = u'CREATE TABLE "django_session" (\n    "session_key" varchar(40) NOT NULL PRIMARY KEY,\n    "session_data" text NOT NULL,\n    "expire_date" datetime NOT NULL\n)\n;' - PARAMS = (); args=None
02/11 22:33:52 - django.db.backends - DEBUG - (0.000) QUERY = u'CREATE TABLE "django_site" (\n    "id" integer NOT NULL PRIMARY KEY,\n    "domain" varchar(100) NOT NULL,\n    "name" varchar(50) NOT NULL\n)\n;' - PARAMS = (); args=None
02/11 22:33:52 - django.db.backends - DEBUG - (0.000) QUERY = u'CREATE TABLE "django_admin_log" (\n    "id" integer NOT NULL PRIMARY KEY,\n    "action_time" datetime NOT NULL,\n    "user_id" integer NOT NULL REFERENCES "auth_user" ("id"),\n    "content_type_id" integer REFERENCES "django_content_type" ("id"),\n    "object_id" text,\n    "object_repr" varchar(200) NOT NULL,\n    "action_flag" smallint unsigned NOT NULL,\n    "change_message" text NOT NULL\n)\n;' - PARAMS = (); args=None
02/11 22:33:52 - django.db.backends - DEBUG - (0.000) QUERY = u'CREATE TABLE "x_for_y_sitetraffictracker" (\n    "id" integer NOT NULL PRIMARY KEY,\n    "total_visited" integer NOT NULL,\n    "num_splash_click" integer NOT NULL\n)\n;' - PARAMS = (); args=None
02/11 22:33:52 - django.db.backends - DEBUG - (0.000) QUERY = u'SELECT "django_content_type"."id", "django_content_type"."name", "django_content_type"."app_label", "django_content_type"."model" FROM "django_content_type" WHERE ("django_content_type"."model" = %s  AND "django_content_type"."app_label" = %s )' - PARAMS = (u'permission', u'auth'); args=('permission', u'auth')
02/11 22:33:52 - django.db.backends - DEBUG - (0.000) QUERY = u'BEGIN' - PARAMS = (); args=None
02/11 22:33:52 - django.db.backends - DEBUG - (0.000) QUERY = u'INSERT INTO "django_content_type" ("name", "app_label", "model") VALUES (%s, %s, %s)' - PARAMS = (u'permission', u'auth', u'permission'); args=[u'permission', u'auth', 'permission']
02/11 22:33:53 - django.db.backends - DEBUG - (0.000) QUERY = u'SELECT "django_content_type"."id", "django_content_type"."name", "django_content_type"."app_label", "django_content_type"."model" FROM "django_content_type" WHERE ("django_content_type"."model" = %s  AND "django_content_type"."app_label" = %s )' - PARAMS = (u'group', u'auth'); args=('group', u'auth')
02/11 22:33:53 - django.db.backends - DEBUG - (0.000) QUERY = u'BEGIN' - PARAMS = (); args=None
02/11 22:33:53 - django.db.backends - DEBUG - (0.000) QUERY = u'INSERT INTO "django_content_type" ("name", "app_label", "model") VALUES (%s, %s, %s)' - PARAMS = (u'group', u'auth', u'group'); args=[u'group', u'auth', 'group']
02/11 22:33:53 - django.db.backends - DEBUG - (0.000) QUERY = u'SELECT "django_content_type"."id", "django_content_type"."name", "django_content_type"."app_label", "django_content_type"."model" FROM "django_content_type" WHERE ("django_content_type"."model" = %s  AND "django_content_type"."app_label" = %s )' - PARAMS = (u'user', u'auth'); args=('user', u'auth')
02/11 22:33:53 - django.db.backends - DEBUG - (0.000) QUERY = u'BEGIN' - PARAMS = (); args=None
02/11 22:33:53 - django.db.backends - DEBUG - (0.000) QUERY = u'INSERT INTO "django_content_type" ("name", "app_label", "model") VALUES (%s, %s, %s)' - PARAMS = (u'user', u'auth', u'user'); args=[u'user', u'auth', 'user']
02/11 22:33:53 - django.db.backends - DEBUG - (0.000) QUERY = u'SELECT "auth_permission"."content_type_id", "auth_permission"."codename" FROM "auth_permission" INNER JOIN "django_content_type" ON ( "auth_permission"."content_type_id" = "django_content_type"."id" ) WHERE "auth_permission"."content_type_id" IN (%s, %s, %s) ORDER BY "django_content_type"."app_label" ASC, "django_content_type"."model" ASC, "auth_permission"."codename" ASC' - PARAMS = (1, 2, 3); args=(1, 2, 3)
02/11 22:33:53 - django.db.backends - DEBUG - (0.000) QUERY = u'BEGIN' - PARAMS = (); args=None
02/11 22:33:53 - django.db.backends - DEBUG - (0.000) QUERY = u'INSERT INTO "auth_permission" ("name", "content_type_id", "codename") SELECT %s AS "name", %s AS "content_type_id", %s AS "codename" UNION ALL SELECT %s, %s, %s UNION ALL SELECT %s, %s, %s UNION ALL SELECT %s, %s, %s UNION ALL SELECT %s, %s, %s UNION ALL SELECT %s, %s, %s UNION ALL SELECT %s, %s, %s UNION ALL SELECT %s, %s, %s UNION ALL SELECT %s, %s, %s' - PARAMS = (u'Can add permission', 1, u'add_permission', u'Can change permission', 1, u'change_permission', u'Can delete permission', 1, u'delete_permission', u'Can add group', 2, u'add_group', u'Can change group', 2, u'change_group', u'Can delete group', 2, u'delete_group', u'Can add user', 3, u'add_user', u'Can change user', 3, u'change_user', u'Can delete user', 3, u'delete_user'); args=(u'Can add permission', 1, u'add_permission', u'Can change permission', 1, u'change_permission', u'Can delete permission', 1, u'delete_permission', u'Can add group', 2, u'add_group', u'Can change group', 2, u'change_group', u'Can delete group', 2, u'delete_group', u'Can add user', 3, u'add_user', u'Can change user', 3, u'change_user', u'Can delete user', 3, u'delete_user')
02/11 22:33:53 - django.db.backends - DEBUG - (0.000) QUERY = u'SELECT "django_content_type"."id", "django_content_type"."name", "django_content_type"."app_label", "django_content_type"."model" FROM "django_content_type" WHERE "django_content_type"."app_label" = %s  ORDER BY "django_content_type"."name" ASC' - PARAMS = (u'auth',); args=(u'auth',)
02/11 22:33:53 - django.db.backends - DEBUG - (0.000) QUERY = u'SELECT "django_content_type"."id", "django_content_type"."name", "django_content_type"."app_label", "django_content_type"."model" FROM "django_content_type" WHERE ("django_content_type"."model" = %s  AND "django_content_type"."app_label" = %s )' - PARAMS = (u'contenttype', u'contenttypes'); args=('contenttype', u'contenttypes')
02/11 22:33:53 - django.db.backends - DEBUG - (0.000) QUERY = u'BEGIN' - PARAMS = (); args=None
02/11 22:33:53 - django.db.backends - DEBUG - (0.000) QUERY = u'INSERT INTO "django_content_type" ("name", "app_label", "model") VALUES (%s, %s, %s)' - PARAMS = (u'content type', u'contenttypes', u'contenttype'); args=[u'content type', u'contenttypes', 'contenttype']
02/11 22:33:53 - django.db.backends - DEBUG - (0.000) QUERY = u'SELECT "auth_permission"."content_type_id", "auth_permission"."codename" FROM "auth_permission" INNER JOIN "django_content_type" ON ( "auth_permission"."content_type_id" = "django_content_type"."id" ) WHERE "auth_permission"."content_type_id" IN (%s) ORDER BY "django_content_type"."app_label" ASC, "django_content_type"."model" ASC, "auth_permission"."codename" ASC' - PARAMS = (4,); args=(4,)
02/11 22:33:53 - django.db.backends - DEBUG - (0.000) QUERY = u'BEGIN' - PARAMS = (); args=None
02/11 22:33:53 - django.db.backends - DEBUG - (0.000) QUERY = u'INSERT INTO "auth_permission" ("name", "content_type_id", "codename") SELECT %s AS "name", %s AS "content_type_id", %s AS "codename" UNION ALL SELECT %s, %s, %s UNION ALL SELECT %s, %s, %s' - PARAMS = (u'Can add content type', 4, u'add_contenttype', u'Can change content type', 4, u'change_contenttype', u'Can delete content type', 4, u'delete_contenttype'); args=(u'Can add content type', 4, u'add_contenttype', u'Can change content type', 4, u'change_contenttype', u'Can delete content type', 4, u'delete_contenttype')
02/11 22:33:53 - django.db.backends - DEBUG - (0.000) QUERY = u'SELECT "django_content_type"."id", "django_content_type"."name", "django_content_type"."app_label", "django_content_type"."model" FROM "django_content_type" WHERE "django_content_type"."app_label" = %s  ORDER BY "django_content_type"."name" ASC' - PARAMS = (u'contenttypes',); args=(u'contenttypes',)
02/11 22:33:53 - django.db.backends - DEBUG - (0.000) QUERY = u'SELECT "django_content_type"."id", "django_content_type"."name", "django_content_type"."app_label", "django_content_type"."model" FROM "django_content_type" WHERE ("django_content_type"."model" = %s  AND "django_content_type"."app_label" = %s )' - PARAMS = (u'session', u'sessions'); args=('session', u'sessions')
02/11 22:33:53 - django.db.backends - DEBUG - (0.000) QUERY = u'BEGIN' - PARAMS = (); args=None
02/11 22:33:53 - django.db.backends - DEBUG - (0.000) QUERY = u'INSERT INTO "django_content_type" ("name", "app_label", "model") VALUES (%s, %s, %s)' - PARAMS = (u'session', u'sessions', u'session'); args=[u'session', u'sessions', 'session']
02/11 22:33:54 - django.db.backends - DEBUG - (0.000) QUERY = u'SELECT "auth_permission"."content_type_id", "auth_permission"."codename" FROM "auth_permission" INNER JOIN "django_content_type" ON ( "auth_permission"."content_type_id" = "django_content_type"."id" ) WHERE "auth_permission"."content_type_id" IN (%s) ORDER BY "django_content_type"."app_label" ASC, "django_content_type"."model" ASC, "auth_permission"."codename" ASC' - PARAMS = (5,); args=(5,)
02/11 22:33:54 - django.db.backends - DEBUG - (0.000) QUERY = u'BEGIN' - PARAMS = (); args=None
02/11 22:33:54 - django.db.backends - DEBUG - (0.000) QUERY = u'INSERT INTO "auth_permission" ("name", "content_type_id", "codename") SELECT %s AS "name", %s AS "content_type_id", %s AS "codename" UNION ALL SELECT %s, %s, %s UNION ALL SELECT %s, %s, %s' - PARAMS = (u'Can add session', 5, u'add_session', u'Can change session', 5, u'change_session', u'Can delete session', 5, u'delete_session'); args=(u'Can add session', 5, u'add_session', u'Can change session', 5, u'change_session', u'Can delete session', 5, u'delete_session')
02/11 22:33:54 - django.db.backends - DEBUG - (0.000) QUERY = u'SELECT "django_content_type"."id", "django_content_type"."name", "django_content_type"."app_label", "django_content_type"."model" FROM "django_content_type" WHERE "django_content_type"."app_label" = %s  ORDER BY "django_content_type"."name" ASC' - PARAMS = (u'sessions',); args=(u'sessions',)
02/11 22:33:54 - django.db.backends - DEBUG - (0.000) QUERY = u'SELECT "django_content_type"."id", "django_content_type"."name", "django_content_type"."app_label", "django_content_type"."model" FROM "django_content_type" WHERE ("django_content_type"."model" = %s  AND "django_content_type"."app_label" = %s )' - PARAMS = (u'site', u'sites'); args=('site', u'sites')
02/11 22:33:54 - django.db.backends - DEBUG - (0.000) QUERY = u'BEGIN' - PARAMS = (); args=None
02/11 22:33:54 - django.db.backends - DEBUG - (0.000) QUERY = u'INSERT INTO "django_content_type" ("name", "app_label", "model") VALUES (%s, %s, %s)' - PARAMS = (u'site', u'sites', u'site'); args=[u'site', u'sites', 'site']
02/11 22:33:54 - django.db.backends - DEBUG - (0.000) QUERY = u'SELECT "auth_permission"."content_type_id", "auth_permission"."codename" FROM "auth_permission" INNER JOIN "django_content_type" ON ( "auth_permission"."content_type_id" = "django_content_type"."id" ) WHERE "auth_permission"."content_type_id" IN (%s) ORDER BY "django_content_type"."app_label" ASC, "django_content_type"."model" ASC, "auth_permission"."codename" ASC' - PARAMS = (6,); args=(6,)
02/11 22:33:54 - django.db.backends - DEBUG - (0.000) QUERY = u'BEGIN' - PARAMS = (); args=None
02/11 22:33:54 - django.db.backends - DEBUG - (0.000) QUERY = u'INSERT INTO "auth_permission" ("name", "content_type_id", "codename") SELECT %s AS "name", %s AS "content_type_id", %s AS "codename" UNION ALL SELECT %s, %s, %s UNION ALL SELECT %s, %s, %s' - PARAMS = (u'Can add site', 6, u'add_site', u'Can change site', 6, u'change_site', u'Can delete site', 6, u'delete_site'); args=(u'Can add site', 6, u'add_site', u'Can change site', 6, u'change_site', u'Can delete site', 6, u'delete_site')
02/11 22:33:54 - django.db.backends - DEBUG - (0.000) QUERY = u'SELECT "django_content_type"."id", "django_content_type"."name", "django_content_type"."app_label", "django_content_type"."model" FROM "django_content_type" WHERE "django_content_type"."app_label" = %s  ORDER BY "django_content_type"."name" ASC' - PARAMS = (u'sites',); args=(u'sites',)
02/11 22:33:54 - django.db.backends - DEBUG - (0.000) QUERY = u'BEGIN' - PARAMS = (); args=None
02/11 22:33:54 - django.db.backends - DEBUG - (0.000) QUERY = u'UPDATE "django_site" SET "domain" = %s, "name" = %s WHERE "django_site"."id" = %s ' - PARAMS = (u'example.com', u'example.com', 1); args=('example.com', 'example.com', 1)
02/11 22:33:54 - django.db.backends - DEBUG - (0.000) QUERY = u'INSERT INTO "django_site" ("id", "domain", "name") SELECT %s AS "id", %s AS "domain", %s AS "name"' - PARAMS = (1, u'example.com', u'example.com'); args=(1, 'example.com', 'example.com')
02/11 22:33:54 - django.db.backends - DEBUG - (0.000) QUERY = u'SELECT "django_content_type"."id", "django_content_type"."name", "django_content_type"."app_label", "django_content_type"."model" FROM "django_content_type" WHERE ("django_content_type"."model" = %s  AND "django_content_type"."app_label" = %s )' - PARAMS = (u'logentry', u'admin'); args=('logentry', u'admin')
02/11 22:33:54 - django.db.backends - DEBUG - (0.000) QUERY = u'BEGIN' - PARAMS = (); args=None
02/11 22:33:54 - django.db.backends - DEBUG - (0.000) QUERY = u'INSERT INTO "django_content_type" ("name", "app_label", "model") VALUES (%s, %s, %s)' - PARAMS = (u'log entry', u'admin', u'logentry'); args=[u'log entry', u'admin', 'logentry']
02/11 22:33:54 - django.db.backends - DEBUG - (0.000) QUERY = u'SELECT "auth_permission"."content_type_id", "auth_permission"."codename" FROM "auth_permission" INNER JOIN "django_content_type" ON ( "auth_permission"."content_type_id" = "django_content_type"."id" ) WHERE "auth_permission"."content_type_id" IN (%s) ORDER BY "django_content_type"."app_label" ASC, "django_content_type"."model" ASC, "auth_permission"."codename" ASC' - PARAMS = (7,); args=(7,)
02/11 22:33:54 - django.db.backends - DEBUG - (0.000) QUERY = u'BEGIN' - PARAMS = (); args=None
02/11 22:33:54 - django.db.backends - DEBUG - (0.000) QUERY = u'INSERT INTO "auth_permission" ("name", "content_type_id", "codename") SELECT %s AS "name", %s AS "content_type_id", %s AS "codename" UNION ALL SELECT %s, %s, %s UNION ALL SELECT %s, %s, %s' - PARAMS = (u'Can add log entry', 7, u'add_logentry', u'Can change log entry', 7, u'change_logentry', u'Can delete log entry', 7, u'delete_logentry'); args=(u'Can add log entry', 7, u'add_logentry', u'Can change log entry', 7, u'change_logentry', u'Can delete log entry', 7, u'delete_logentry')
02/11 22:33:54 - django.db.backends - DEBUG - (0.000) QUERY = u'SELECT "django_content_type"."id", "django_content_type"."name", "django_content_type"."app_label", "django_content_type"."model" FROM "django_content_type" WHERE "django_content_type"."app_label" = %s  ORDER BY "django_content_type"."name" ASC' - PARAMS = (u'admin',); args=(u'admin',)
02/11 22:33:54 - django.db.backends - DEBUG - (0.000) QUERY = u'SELECT "django_content_type"."id", "django_content_type"."name", "django_content_type"."app_label", "django_content_type"."model" FROM "django_content_type" WHERE ("django_content_type"."model" = %s  AND "django_content_type"."app_label" = %s )' - PARAMS = (u'sitetraffictracker', u'x_for_y'); args=('sitetraffictracker', u'x_for_y')
02/11 22:33:54 - django.db.backends - DEBUG - (0.000) QUERY = u'BEGIN' - PARAMS = (); args=None
02/11 22:33:54 - django.db.backends - DEBUG - (0.000) QUERY = u'INSERT INTO "django_content_type" ("name", "app_label", "model") VALUES (%s, %s, %s)' - PARAMS = (u'site traffic tracker', u'x_for_y', u'sitetraffictracker'); args=[u'site traffic tracker', u'x_for_y', 'sitetraffictracker']
02/11 22:33:55 - django.db.backends - DEBUG - (0.000) QUERY = u'SELECT "auth_permission"."content_type_id", "auth_permission"."codename" FROM "auth_permission" INNER JOIN "django_content_type" ON ( "auth_permission"."content_type_id" = "django_content_type"."id" ) WHERE "auth_permission"."content_type_id" IN (%s) ORDER BY "django_content_type"."app_label" ASC, "django_content_type"."model" ASC, "auth_permission"."codename" ASC' - PARAMS = (8,); args=(8,)
02/11 22:33:55 - django.db.backends - DEBUG - (0.000) QUERY = u'BEGIN' - PARAMS = (); args=None
02/11 22:33:55 - django.db.backends - DEBUG - (0.000) QUERY = u'INSERT INTO "auth_permission" ("name", "content_type_id", "codename") SELECT %s AS "name", %s AS "content_type_id", %s AS "codename" UNION ALL SELECT %s, %s, %s UNION ALL SELECT %s, %s, %s' - PARAMS = (u'Can add site traffic tracker', 8, u'add_sitetraffictracker', u'Can change site traffic tracker', 8, u'change_sitetraffictracker', u'Can delete site traffic tracker', 8, u'delete_sitetraffictracker'); args=(u'Can add site traffic tracker', 8, u'add_sitetraffictracker', u'Can change site traffic tracker', 8, u'change_sitetraffictracker', u'Can delete site traffic tracker', 8, u'delete_sitetraffictracker')
02/11 22:33:55 - django.db.backends - DEBUG - (0.000) QUERY = u'SELECT "django_content_type"."id", "django_content_type"."name", "django_content_type"."app_label", "django_content_type"."model" FROM "django_content_type" WHERE "django_content_type"."app_label" = %s  ORDER BY "django_content_type"."name" ASC' - PARAMS = (u'x_for_y',); args=(u'x_for_y',)
02/11 22:33:55 - django.db.backends - DEBUG - (0.000) QUERY = u'BEGIN' - PARAMS = (); args=None
02/11 22:33:55 - django.db.backends - DEBUG - (0.000) QUERY = u'CREATE INDEX "auth_permission_37ef4eb4" ON "auth_permission" ("content_type_id");' - PARAMS = (); args=None
02/11 22:33:55 - django.db.backends - DEBUG - (0.000) QUERY = u'BEGIN' - PARAMS = (); args=None
02/11 22:33:55 - django.db.backends - DEBUG - (0.000) QUERY = u'CREATE INDEX "auth_group_permissions_5f412f9a" ON "auth_group_permissions" ("group_id");' - PARAMS = (); args=None
02/11 22:33:55 - django.db.backends - DEBUG - (0.000) QUERY = u'CREATE INDEX "auth_group_permissions_83d7f98b" ON "auth_group_permissions" ("permission_id");' - PARAMS = (); args=None
02/11 22:33:55 - django.db.backends - DEBUG - (0.000) QUERY = u'BEGIN' - PARAMS = (); args=None
02/11 22:33:55 - django.db.backends - DEBUG - (0.000) QUERY = u'CREATE INDEX "auth_user_groups_6340c63c" ON "auth_user_groups" ("user_id");' - PARAMS = (); args=None
02/11 22:33:55 - django.db.backends - DEBUG - (0.000) QUERY = u'CREATE INDEX "auth_user_groups_5f412f9a" ON "auth_user_groups" ("group_id");' - PARAMS = (); args=None
02/11 22:33:55 - django.db.backends - DEBUG - (0.000) QUERY = u'BEGIN' - PARAMS = (); args=None
02/11 22:33:55 - django.db.backends - DEBUG - (0.000) QUERY = u'CREATE INDEX "auth_user_user_permissions_6340c63c" ON "auth_user_user_permissions" ("user_id");' - PARAMS = (); args=None
02/11 22:33:55 - django.db.backends - DEBUG - (0.000) QUERY = u'CREATE INDEX "auth_user_user_permissions_83d7f98b" ON "auth_user_user_permissions" ("permission_id");' - PARAMS = (); args=None
02/11 22:33:55 - django.db.backends - DEBUG - (0.000) QUERY = u'BEGIN' - PARAMS = (); args=None
02/11 22:33:55 - django.db.backends - DEBUG - (0.000) QUERY = u'CREATE INDEX "django_session_b7b81f0c" ON "django_session" ("expire_date");' - PARAMS = (); args=None
02/11 22:33:55 - django.db.backends - DEBUG - (0.000) QUERY = u'BEGIN' - PARAMS = (); args=None
02/11 22:33:55 - django.db.backends - DEBUG - (0.000) QUERY = u'CREATE INDEX "django_admin_log_6340c63c" ON "django_admin_log" ("user_id");' - PARAMS = (); args=None
02/11 22:33:55 - django.db.backends - DEBUG - (0.000) QUERY = u'CREATE INDEX "django_admin_log_37ef4eb4" ON "django_admin_log" ("content_type_id");' - PARAMS = (); args=None
02/11 22:33:56 - django.db.backends - DEBUG - (0.000) QUERY = u'BEGIN' - PARAMS = (); args=None
02/11 22:33:56 - django.db.backends - DEBUG - (0.000) QUERY = u'BEGIN' - PARAMS = (); args=None
02/11 22:33:56 - django.db.backends - DEBUG - (0.001) QUERY = u'INSERT INTO "x_for_y_sitetraffictracker" ("total_visited", "num_splash_click") VALUES (%s, %s)' - PARAMS = (1, 0); args=[1, 0]
